1507949058156	geckodriver	INFO	geckodriver 0.19.0
1507949058172	geckodriver	INFO	Listening on 127.0.0.1:51644
1507949060243	mozrunner::runner	INFO	Running command: "D:\\Program Files (x86)\\Mozilla Firefox\\firefox.exe" "-marionette" "-profile" "C:\\Users\\Santos\\AppData\\Local\\Temp\\rust_mozprofile.Zn8tSRbgzfMV"
1507949061205	addons.xpi	WARN	Error parsing extensions state: [Exception... "Component returned failure code: 0x80520012 (NS_ERROR_FILE_NOT_FOUND) [amIAddonManagerStartup.readStartupData]"  nsresult: "0x80520012 (NS_ERROR_FILE_NOT_FOUND)"  location: "JS frame :: resource://gre/modules/addons/XPIProvider.jsm :: loadExtensionState :: line 1554"  data: no] Stack trace: loadExtensionState()@resource://gre/modules/addons/XPIProvider.jsm:1554 < getInstallState()@resource://gre/modules/addons/XPIProvider.jsm:1589 < checkForChanges()@resource://gre/modules/addons/XPIProvider.jsm:3109 < startup()@resource://gre/modules/addons/XPIProvider.jsm:2188 < callProvider()@resource://gre/modules/AddonManager.jsm:269 < _startProvider()@resource://gre/modules/AddonManager.jsm:739 < startup()@resource://gre/modules/AddonManager.jsm:906 < startup()@resource://gre/modules/AddonManager.jsm:3090 < observe()@jar:file:///D:/Program%20Files%20(x86)/Mozilla%20Firefox/omni.ja!/components/addonManager.js:65
1507949062914	Marionette	INFO	Enabled via --marionette
[Child 2684] WARNING: pipe error: 109: file z:/build/build/src/ipc/chromium/src/chrome/common/ipc_channel_win.cc, line 346
[Child 2684] WARNING: pipe error: 109: file z:/build/build/src/ipc/chromium/src/chrome/common/ipc_channel_win.cc, line 346
1507949069609	Marionette	INFO	Listening on port 51651
1507949070093	Marionette	WARN	TLS certificate errors will be ignored for this session
1507949070154	Marionette	DEBUG	Register listener.js for window 4294967297
1507949070218	Marionette	DEBUG	Received DOM event "beforeunload" for "about:blank"
1507949070386	Marionette	DEBUG	Received DOM event "pagehide" for "about:blank"
1507949070386	Marionette	DEBUG	Received DOM event "unload" for "about:blank"
1507949071103	Marionette	DEBUG	Received DOM event "DOMContentLoaded" for "http://xyzp.newjobs.com.cn/index.html"
1507949072398	Marionette	DEBUG	Received DOM event "pageshow" for "http://xyzp.newjobs.com.cn/index.html"
1507949072732	Marionette	DEBUG	Canceled page load listener because no navigation has been detected
1507949073090	Marionette	DEBUG	Canceled page load listener because no navigation has been detected
1507949073110	Marionette	DEBUG	Received DOM event "beforeunload" for "http://xyzp.newjobs.com.cn/index.html"
1507949073200	Marionette	DEBUG	Received DOM event "pagehide" for "http://xyzp.newjobs.com.cn/index.html"
1507949073201	Marionette	DEBUG	Received DOM event "unload" for "http://xyzp.newjobs.com.cn/index.html"
1507949073704	Marionette	DEBUG	Received DOM event "DOMContentLoaded" for "http://xyzp.newjobs.com.cn/recruit/networkRecruitmentManage/conf-title.html"
1507949074396	Marionette	DEBUG	Received DOM event "pageshow" for "http://xyzp.newjobs.com.cn/recruit/networkRecruitmentManage/conf-title.html"
[Child 1728] WARNING: pipe error: 109: file z:/build/build/src/ipc/chromium/src/chrome/common/ipc_channel_win.cc, line 346
[Child 7068] WARNING: pipe error: 109: file z:/build/build/src/ipc/chromium/src/chrome/common/ipc_channel_win.cc, line 346

###!!! [Child][MessageChannel::SendAndWait] Error: Channel error: cannot send/recv

